0 info it worked if it ends with ok
1 verbose cli [ 'C:\\Program Files\\nodejs\\node.exe',
1 verbose cli   'C:\\Program Files\\nodejs\\node_modules\\npm\\bin\\npm-cli.js',
1 verbose cli   'run',
1 verbose cli   'bundle' ]
2 info using npm@3.10.10
3 info using node@v6.10.0
4 verbose run-script [ 'prebundle', 'bundle', 'postbundle' ]
5 info lifecycle saasresume@0.1.0~prebundle: saasresume@0.1.0
6 silly lifecycle saasresume@0.1.0~prebundle: no script for prebundle, continuing
7 info lifecycle saasresume@0.1.0~bundle: saasresume@0.1.0
8 verbose lifecycle saasresume@0.1.0~bundle: unsafe-perm in lifecycle true
9 verbose lifecycle saasresume@0.1.0~bundle: PATH: C:\Program Files\nodejs\node_modules\npm\bin\node-gyp-bin;C:\Users\Joy\saas-resume\node_modules\.bin;C:\ProgramData\Oracle\Java\javapath;C:\Program Files (x86)\Intel\iCLS Client\;C:\Program Files\Intel\iCLS Client\;C:\WINDOWS\system32;C:\WINDOWS;C:\WINDOWS\System32\Wbem;C:\WINDOWS\System32\WindowsPowerShell\v1.0\;C:\Program Files (x86)\Intel\Intel(R) Management Engine Components\DAL;C:\Program Files\Intel\Intel(R) Management Engine Components\DAL;C:\Program Files (x86)\Intel\Intel(R) Management Engine Components\IPT;C:\Program Files\Intel\Intel(R) Management Engine Components\IPT;C:\Program Files\Git\cmd;C:\Program Files (x86)\Skype\Phone\;C:\Program Files (x86)\Heroku\bin;C:\Program Files (x86)\git\cmd;C:\Program Files (x86)\Git\cmd;C:\Program Files (x86)\Calibre2\;C:\Program Files\MySQL\MySQL Utilities 1.6\;C:\Program Files\nodejs\;C:\Go\bin;C:\ProgramData\chocolatey\bin;C:\Program Files (x86)\Yarn\bin;C:\Users\Joy\AppData\Local\Programs\Python\Python35\Scripts\;C:\Users\Joy\AppData\Local\Programs\Python\Python35\;C:\Program Files\MongoDB\Server\3.4\bin;C:\Users\Joy\AppData\Local\atom\bin;C:\Hugo\bin;C:\Program Files (x86)\MicrosoftVSCode\bin;C:\RailsInstaller\Ruby2.1.0\bin;C:\Users\Joy\AppData\Roaming\Python\Scripts;C:\Users\Joy\AppData\Roaming\npm;C:\Go\bin;C:\Users\Joy\AppData\Local\Yarn\.bin
10 verbose lifecycle saasresume@0.1.0~bundle: CWD: C:\Users\Joy\saas-resume
11 silly lifecycle saasresume@0.1.0~bundle: Args: [ '/d /s /c', 'webpack --progress --colors --bail' ]
12 silly lifecycle saasresume@0.1.0~bundle: Returned: code: 2  signal: null
13 info lifecycle saasresume@0.1.0~bundle: Failed to exec bundle script
14 verbose stack Error: saasresume@0.1.0 bundle: `webpack --progress --colors --bail`
14 verbose stack Exit status 2
14 verbose stack     at EventEmitter.<anonymous> (C:\Program Files\nodejs\node_modules\npm\lib\utils\lifecycle.js:255:16)
14 verbose stack     at emitTwo (events.js:106:13)
14 verbose stack     at EventEmitter.emit (events.js:191:7)
14 verbose stack     at ChildProcess.<anonymous> (C:\Program Files\nodejs\node_modules\npm\lib\utils\spawn.js:40:14)
14 verbose stack     at emitTwo (events.js:106:13)
14 verbose stack     at ChildProcess.emit (events.js:191:7)
14 verbose stack     at maybeClose (internal/child_process.js:877:16)
14 verbose stack     at Process.ChildProcess._handle.onexit (internal/child_process.js:226:5)
15 verbose pkgid saasresume@0.1.0
16 verbose cwd C:\Users\Joy\saas-resume
17 error Windows_NT 10.0.14393
18 error argv "C:\\Program Files\\nodejs\\node.exe" "C:\\Program Files\\nodejs\\node_modules\\npm\\bin\\npm-cli.js" "run" "bundle"
19 error node v6.10.0
20 error npm  v3.10.10
21 error code ELIFECYCLE
22 error saasresume@0.1.0 bundle: `webpack --progress --colors --bail`
22 error Exit status 2
23 error Failed at the saasresume@0.1.0 bundle script 'webpack --progress --colors --bail'.
23 error Make sure you have the latest version of node.js and npm installed.
23 error If you do, this is most likely a problem with the saasresume package,
23 error not with npm itself.
23 error Tell the author that this fails on your system:
23 error     webpack --progress --colors --bail
23 error You can get information on how to open an issue for this project with:
23 error     npm bugs saasresume
23 error Or if that isn't available, you can get their info via:
23 error     npm owner ls saasresume
23 error There is likely additional logging output above.
24 verbose exit [ 1, true ]
